[0m[[0m[0mdebug[0m] [0m[0m> Exec(testOnly practice.CounterTests -- -DwriteVcd=1, Some(c1569631-bf47-48a4-9fe9-e16e6a2c03fd), Some(CommandSource(console0)))[0m
[0m[[0m[0mdebug[0m] [0m[0mEvaluating tasks: Test / testOnly[0m
[0m[[0m[0mdebug[0m] [0m[0mRunning task... Cancel: Signal, check cycles: false, forcegc: true[0m
[0m[[0m[0minfo[0m] [0m[0mcompiling 1 Scala source to /home/almas/BlackBocx-/target/scala-2.12/classes ...[0m
[0m[[0m[33mwarn[0m] [0m[0m/home/almas/BlackBocx-/src/main/scala/practice/Counter.scala:21:7: Generated class practice.Counter differs only in case from practice.counter.[0m
[0m[[0m[33mwarn[0m] [0m[0m  Such classes will overwrite one another on case-insensitive filesystems.[0m
[0m[[0m[33mwarn[0m] [0m[0mclass Counter extends Module{[0m
[0m[[0m[33mwarn[0m] [0m[0m      ^[0m
[0m[[0m[33mwarn[0m] [0m[0mone warning found[0m
[0m[[0m[0minfo[0m] [0m[0m[32mCounterTests:[0m[0m
[0m[[0m[0minfo[0m] [0m[0m[32m- count[0m[0m
[0m[[0m[0minfo[0m] [0m[0m[36mRun completed in 5 seconds, 158 milliseconds.[0m[0m
[0m[[0m[0minfo[0m] [0m[0m[36mTotal number of tests run: 1[0m[0m
[0m[[0m[0minfo[0m] [0m[0m[36mSuites: completed 1, aborted 0[0m[0m
[0m[[0m[0minfo[0m] [0m[0m[36mTests: succeeded 1, failed 0, canceled 0, ignored 0, pending 0[0m[0m
[0m[[0m[0minfo[0m] [0m[0m[32mAll tests passed.[0m[0m
[0m[[0m[32msuccess[0m] [0m[0mTotal time: 6 s, completed Sep 30, 2021, 11:40:52 AM[0m
[0m[[0m[0mdebug[0m] [0m[0m> Exec(shell, None, None)[0m
[0m[[0m[0mdebug[0m] [0m[0mForcing garbage collection...[0m
[0m[[0m[0minfo[0m] [0m[0mshutting down sbt server[0m
